<?xml version="1.0" encoding="utf-8"?>
<androidx.constraintlayout.widget.ConstraintLayout
    xmlns:android="http://schemas.android.com/apk/res/android"
    xmlns:app="http://schemas.android.com/apk/res-auto"
    xmlns:tools="http://schemas.android.com/tools"
    android:layout_width="match_parent"
    android:layout_height="match_parent">

    <ImageView
        android:id="@+id/imageView23"
        android:layout_width="40dp"
        android:layout_height="40dp"
        android:layout_marginStart="120dp"
        android:layout_marginTop="20dp"
        app:layout_constraintStart_toStartOf="parent"
        app:layout_constraintTop_toTopOf="parent"
        app:srcCompat="@drawable/pulse" />

    <TextView
        android:id="@+id/textView32"
        android:layout_width="105dp"
        android:layout_height="30dp"
        android:layout_marginStart="170dp"
        android:layout_marginTop="25dp"
        android:text="Wyniki badań"
        android:textAppearance="@style/TextAppearance.AppCompat.Body2"
        app:layout_constraintStart_toStartOf="parent"
        app:layout_constraintTop_toTopOf="parent" />

    <ImageView
        android:id="@+id/menuButton3"
        android:layout_width="40dp"
        android:layout_height="40dp"
        android:layout_marginStart="16dp"
        android:layout_marginTop="16dp"
        app:layout_constraintStart_toStartOf="parent"
        app:layout_constraintTop_toTopOf="parent"
        app:srcCompat="@drawable/ic_baseline_menu_24" />

    <Button
        android:id="@+id/takePictureButton"
        android:layout_width="200dp"
        android:layout_height="50dp"
        android:text="Dodaj zdjęcie"
        app:layout_constraintBottom_toBottomOf="parent"
        app:layout_constraintEnd_toEndOf="parent"
        app:layout_constraintHorizontal_bias="0.497"
        app:layout_constraintStart_toStartOf="parent"
        app:layout_constraintTop_toTopOf="parent"
        app:layout_constraintVertical_bias="0.919" />

    <Button

        android:id="@+id/button16"
        android:layout_width="200dp"
        android:layout_height="50dp"
        android:layout_marginTop="260dp"
        android:text="Wybierz zdjęcie"
        app:layout_constraintBottom_toBottomOf="@+id/takePictureButton"
        app:layout_constraintEnd_toEndOf="parent"
        app:layout_constraintHorizontal_bias="0.497"
        app:layout_constraintStart_toStartOf="parent"
        app:layout_constraintTop_toTopOf="parent"
        app:layout_constraintVertical_bias="0.819" />


</androidx.constraintlayout.widget.ConstraintLayout>